# JRE version: OpenJDK Runtime Environment Temurin-17.0.5+8 (17.0.5+8) (build 17.0.5+8)
# Java VM: OpenJDK 64-Bit Server VM Temurin-17.0.5+8 (17.0.5+8, mixed mode, emulated-client, tiered, compressed oops, compressed class ptrs, g1 gc, windows-amd64)
GC Precious Log:
 CPUs: 8 total, 8 available
 Memory: 8029M
 Large Page Support: Disabled
 NUMA Support: Disabled
 Compressed Oops: Enabled (32-bit)
 Heap Region Size: 1M
 Heap Min Capacity: 8M
 Heap Initial Capacity: 126M
 Heap Max Capacity: 2008M
 Pre-touch: Disabled
 Parallel Workers: 8
 Concurrent Workers: 2
 Concurrent Refinement Workers: 8
 Periodic GC: Disabled
Heap:
 garbage-first heap   total 137216K, used 41115K [0x0000000082800000, 0x0000000100000000)
  region size 1024K, 1 young (1024K), 0 survivors (0K)
 Metaspace       used 54890K, committed 55296K, reserved 1097728K
  class space    used 7288K, committed 7488K, reserved 1048576K
GC Heap History (20 events):
Event: 16839.363 GC heap before
{Heap before GC invocations=1630 (full 1531):
 garbage-first heap   total 137216K, used 41115K [0x0000000082800000, 0x0000000100000000)
  region size 1024K, 1 young (1024K), 0 survivors (0K)
 Metaspace       used 54890K, committed 55296K, reserved 1097728K
  class space    used 7288K, committed 7488K, reserved 1048576K
}
Event: 16839.409 GC heap after
{Heap after GC invocations=1631 (full 1532):
 garbage-first heap   total 137216K, used 41115K [0x0000000082800000, 0x0000000100000000)
  region size 1024K, 0 young (0K), 0 survivors (0K)
 Metaspace       used 54890K, committed 55296K, reserved 1097728K
  class space    used 7288K, committed 7488K, reserved 1048576K
}
Event: 16849.557 GC heap before
{Heap before GC invocations=1631 (full 1532):
 garbage-first heap   total 137216K, used 41115K [0x0000000082800000, 0x0000000100000000)
  region size 1024K, 1 young (1024K), 0 survivors (0K)
 Metaspace       used 54890K, committed 55296K, reserved 1097728K
  class space    used 7288K, committed 7488K, reserved 1048576K
}
Event: 16849.594 GC heap after
{Heap after GC invocations=1632 (full 1533):
 garbage-first heap   total 137216K, used 41115K [0x0000000082800000, 0x0000000100000000)
  region size 1024K, 0 young (0K), 0 survivors (0K)
 Metaspace       used 54890K, committed 55296K, reserved 1097728K
  class space    used 7288K, committed 7488K, reserved 1048576K
}
Event: 16860.014 GC heap before
{Heap before GC invocations=1632 (full 1533):
 garbage-first heap   total 137216K, used 41115K [0x0000000082800000, 0x0000000100000000)
  region size 1024K, 1 young (1024K), 0 survivors (0K)
 Metaspace       used 54890K, committed 55296K, reserved 1097728K
  class space    used 7288K, committed 7488K, reserved 1048576K
}
Event: 16860.044 GC heap after
{Heap after GC invocations=1633 (full 1534):
 garbage-first heap   total 137216K, used 41115K [0x0000000082800000, 0x0000000100000000)
  region size 1024K, 0 young (0K), 0 survivors (0K)
 Metaspace       used 54890K, committed 55296K, reserved 1097728K
  class space    used 7288K, committed 7488K, reserved 1048576K
}
Event: 16870.202 GC heap before
{Heap before GC invocations=1633 (full 1534):
 garbage-first heap   total 137216K, used 41115K [0x0000000082800000, 0x0000000100000000)
  region size 1024K, 1 young (1024K), 0 survivors (0K)
 Metaspace       used 54890K, committed 55296K, reserved 1097728K
  class space    used 7288K, committed 7488K, reserved 1048576K
}
Event: 16870.245 GC heap after
{Heap after GC invocations=1634 (full 1535):
 garbage-first heap   total 137216K, used 41115K [0x0000000082800000, 0x0000000100000000)
  region size 1024K, 0 young (0K), 0 survivors (0K)
 Metaspace       used 54890K, committed 55296K, reserved 1097728K
  class space    used 7288K, committed 7488K, reserved 1048576K
}
Event: 16880.521 GC heap before
{Heap before GC invocations=1634 (full 1535):
 garbage-first heap   total 137216K, used 41115K [0x0000000082800000, 0x0000000100000000)
  region size 1024K, 1 young (1024K), 0 survivors (0K)
 Metaspace       used 54890K, committed 55296K, reserved 1097728K
  class space    used 7288K, committed 7488K, reserved 1048576K
}
Event: 16880.556 GC heap after
{Heap after GC invocations=1635 (full 1536):
 garbage-first heap   total 137216K, used 41115K [0x0000000082800000, 0x0000000100000000)
  region size 1024K, 0 young (0K), 0 survivors (0K)
 Metaspace       used 54890K, committed 55296K, reserved 1097728K
  class space    used 7288K, committed 7488K, reserved 1048576K
}
Event: 16890.695 GC heap before
{Heap before GC invocations=1635 (full 1536):
 garbage-first heap   total 137216K, used 41115K [0x0000000082800000, 0x0000000100000000)
  region size 1024K, 1 young (1024K), 0 survivors (0K)
 Metaspace       used 54890K, committed 55296K, reserved 1097728K
  class space    used 7288K, committed 7488K, reserved 1048576K
}
Event: 16890.732 GC heap after
{Heap after GC invocations=1636 (full 1537):
 garbage-first heap   total 137216K, used 41115K [0x0000000082800000, 0x0000000100000000)
  region size 1024K, 0 young (0K), 0 survivors (0K)
 Metaspace       used 54890K, committed 55296K, reserved 1097728K
  class space    used 7288K, committed 7488K, reserved 1048576K
}
Event: 16900.872 GC heap before
{Heap before GC invocations=1636 (full 1537):
 garbage-first heap   total 137216K, used 41115K [0x0000000082800000, 0x0000000100000000)
  region size 1024K, 1 young (1024K), 0 survivors (0K)
 Metaspace       used 54890K, committed 55296K, reserved 1097728K
  class space    used 7288K, committed 7488K, reserved 1048576K
}
Event: 16900.912 GC heap after
{Heap after GC invocations=1637 (full 1538):
 garbage-first heap   total 137216K, used 41115K [0x0000000082800000, 0x0000000100000000)
  region size 1024K, 0 young (0K), 0 survivors (0K)
 Metaspace       used 54890K, committed 55296K, reserved 1097728K
  class space    used 7288K, committed 7488K, reserved 1048576K
}
Event: 16911.083 GC heap before
{Heap before GC invocations=1637 (full 1538):
 garbage-first heap   total 137216K, used 41115K [0x0000000082800000, 0x0000000100000000)
  region size 1024K, 1 young (1024K), 0 survivors (0K)
 Metaspace       used 54890K, committed 55296K, reserved 1097728K
  class space    used 7288K, committed 7488K, reserved 1048576K
}
Event: 16911.116 GC heap after
{Heap after GC invocations=1638 (full 1539):
 garbage-first heap   total 137216K, used 41115K [0x0000000082800000, 0x0000000100000000)
  region size 1024K, 0 young (0K), 0 survivors (0K)
 Metaspace       used 54890K, committed 55296K, reserved 1097728K
  class space    used 7288K, committed 7488K, reserved 1048576K
}
Event: 16921.274 GC heap before
{Heap before GC invocations=1638 (full 1539):
 garbage-first heap   total 137216K, used 41115K [0x0000000082800000, 0x0000000100000000)
  region size 1024K, 1 young (1024K), 0 survivors (0K)
 Metaspace       used 54890K, committed 55296K, reserved 1097728K
  class space    used 7288K, committed 7488K, reserved 1048576K
}
Event: 16921.320 GC heap after
{Heap after GC invocations=1639 (full 1540):
 garbage-first heap   total 137216K, used 41115K [0x0000000082800000, 0x0000000100000000)
  region size 1024K, 0 young (0K), 0 survivors (0K)
 Metaspace       used 54890K, committed 55296K, reserved 1097728K
  class space    used 7288K, committed 7488K, reserved 1048576K
}
Event: 16931.881 GC heap before
{Heap before GC invocations=1639 (full 1540):
 garbage-first heap   total 137216K, used 41115K [0x0000000082800000, 0x0000000100000000)
  region size 1024K, 1 young (1024K), 0 survivors (0K)
 Metaspace       used 54890K, committed 55296K, reserved 1097728K
  class space    used 7288K, committed 7488K, reserved 1048576K
}
Event: 16931.921 GC heap after
{Heap after GC invocations=1640 (full 1541):
 garbage-first heap   total 137216K, used 41115K [0x0000000082800000, 0x0000000100000000)
  region size 1024K, 0 young (0K), 0 survivors (0K)
 Metaspace       used 54890K, committed 55296K, reserved 1097728K
  class space    used 7288K, committed 7488K, reserved 1048576K
}

